  hksion.cpp
c:\users\wentu\source\repos\hksion\hksion\hksion.cpp(144): warning C4065: switch statement contains 'default' but no 'case' labels
c:\users\wentu\source\repos\hksion\hksion\hksion.cpp(191): warning C4477: 'printf' : format string '%d' requires an argument of type 'int', but variadic argument 1 has type 'time_t'
  c:\users\wentu\source\repos\hksion\hksion\hksion.cpp(191): note: consider using '%lld' in the format string
  c:\users\wentu\source\repos\hksion\hksion\hksion.cpp(191): note: consider using '%Id' in the format string
  c:\users\wentu\source\repos\hksion\hksion\hksion.cpp(191): note: consider using '%I64d' in the format string
c:\users\wentu\source\repos\hksion\hksion\hksion.cpp(249): warning C4018: '<': signed/unsigned mismatch
c:\users\wentu\source\repos\hksion\hksion\hksion.cpp(227): warning C4996: 'sprintf': This function or variable may be unsafe. Consider using sprintf_s instead. To disable deprecation, use _CRT_SECURE_NO_WARNINGS. See online help for details.
  c:\program files (x86)\windows kits\10\include\10.0.16299.0\ucrt\stdio.h(1772): note: see declaration of 'sprintf'
c:\users\wentu\source\repos\hksion\hksion\hksion.cpp(228): warning C4996: 'fopen': This function or variable may be unsafe. Consider using fopen_s instead. To disable deprecation, use _CRT_SECURE_NO_WARNINGS. See online help for details.
  c:\program files (x86)\windows kits\10\include\10.0.16299.0\ucrt\stdio.h(207): note: see declaration of 'fopen'
c:\users\wentu\source\repos\hksion\hksion\hksion.cpp(236): warning C4996: 'sprintf': This function or variable may be unsafe. Consider using sprintf_s instead. To disable deprecation, use _CRT_SECURE_NO_WARNINGS. See online help for details.
  c:\program files (x86)\windows kits\10\include\10.0.16299.0\ucrt\stdio.h(1772): note: see declaration of 'sprintf'
c:\users\wentu\source\repos\hksion\hksion\hksion.cpp(237): warning C4996: 'fopen': This function or variable may be unsafe. Consider using fopen_s instead. To disable deprecation, use _CRT_SECURE_NO_WARNINGS. See online help for details.
  c:\program files (x86)\windows kits\10\include\10.0.16299.0\ucrt\stdio.h(207): note: see declaration of 'fopen'
c:\users\wentu\source\repos\hksion\hksion\hksion.cpp(262): warning C4996: 'sprintf': This function or variable may be unsafe. Consider using sprintf_s instead. To disable deprecation, use _CRT_SECURE_NO_WARNINGS. See online help for details.
  c:\program files (x86)\windows kits\10\include\10.0.16299.0\ucrt\stdio.h(1772): note: see declaration of 'sprintf'
c:\users\wentu\source\repos\hksion\hksion\hksion.cpp(263): warning C4996: 'fopen': This function or variable may be unsafe. Consider using fopen_s instead. To disable deprecation, use _CRT_SECURE_NO_WARNINGS. See online help for details.
  c:\program files (x86)\windows kits\10\include\10.0.16299.0\ucrt\stdio.h(207): note: see declaration of 'fopen'
c:\users\wentu\source\repos\hksion\hksion\hksion.cpp(272): warning C4996: 'sprintf': This function or variable may be unsafe. Consider using sprintf_s instead. To disable deprecation, use _CRT_SECURE_NO_WARNINGS. See online help for details.
  c:\program files (x86)\windows kits\10\include\10.0.16299.0\ucrt\stdio.h(1772): note: see declaration of 'sprintf'
c:\users\wentu\source\repos\hksion\hksion\hksion.cpp(273): warning C4996: 'fopen': This function or variable may be unsafe. Consider using fopen_s instead. To disable deprecation, use _CRT_SECURE_NO_WARNINGS. See online help for details.
  c:\program files (x86)\windows kits\10\include\10.0.16299.0\ucrt\stdio.h(207): note: see declaration of 'fopen'
  hksion.vcxproj -> C:\Users\wentu\source\repos\hksion\x64\Debug\hksion.exe
